  AssetLoader.cpp
D:\Git\Game Engine\Engine-Teamwork\FinalProject_final_merge\Common\Keyboard.h(1,1): warning C4819: The file contains a character that cannot be represented in the current code page (936). Save the file in Unicode format to prevent data loss
D:\Git\Game Engine\Engine-Teamwork\FinalProject_final_merge\PhysXEngineWrapper\physics.h(23,23): warning C4267: 'return': conversion from 'size_t' to 'int', possible loss of data
D:\Git\Game Engine\Engine-Teamwork\FinalProject_final_merge\CSC8503\CSC8503Common\PaintableGameObject.h(2,10): warning C4067: unexpected tokens following preprocessor directive - expected a newline
D:\Git\Game Engine\Engine-Teamwork\FinalProject_final_merge\CSC8503\CSC8503Common\PaintableGameObject.h(3,10): warning C4067: unexpected tokens following preprocessor directive - expected a newline
  AssetManager.cpp
D:\Git\Game Engine\Engine-Teamwork\FinalProject_final_merge\Common\Keyboard.h(1,1): warning C4819: The file contains a character that cannot be represented in the current code page (936). Save the file in Unicode format to prevent data loss
D:\Git\Game Engine\Engine-Teamwork\FinalProject_final_merge\PhysXEngineWrapper\physics.h(23,23): warning C4267: 'return': conversion from 'size_t' to 'int', possible loss of data
D:\Git\Game Engine\Engine-Teamwork\FinalProject_final_merge\CSC8503\CSC8503Common\PaintableGameObject.h(2,10): warning C4067: unexpected tokens following preprocessor directive - expected a newline
D:\Git\Game Engine\Engine-Teamwork\FinalProject_final_merge\CSC8503\CSC8503Common\PaintableGameObject.h(3,10): warning C4067: unexpected tokens following preprocessor directive - expected a newline
D:\Git\Game Engine\Engine-Teamwork\FinalProject_final_merge\CSC8503\GameTech\JsonReader.h(49,21): warning C4018: '<': signed/unsigned mismatch
  AudioEngine.cpp
D:\Git\Game Engine\Engine-Teamwork\FinalProject_final_merge\Common\Keyboard.h(1,1): warning C4819: The file contains a character that cannot be represented in the current code page (936). Save the file in Unicode format to prevent data loss
D:\Git\Game Engine\Engine-Teamwork\FinalProject_final_merge\PhysXEngineWrapper\physics.h(23,23): warning C4267: 'return': conversion from 'size_t' to 'int', possible loss of data
D:\Git\Game Engine\Engine-Teamwork\FinalProject_final_merge\CSC8503\CSC8503Common\PaintableGameObject.h(2,10): warning C4067: unexpected tokens following preprocessor directive - expected a newline
D:\Git\Game Engine\Engine-Teamwork\FinalProject_final_merge\CSC8503\CSC8503Common\PaintableGameObject.h(3,10): warning C4067: unexpected tokens following preprocessor directive - expected a newline
  GameManager.cpp
D:\Git\Game Engine\Engine-Teamwork\FinalProject_final_merge\Common\Keyboard.h(1,1): warning C4819: The file contains a character that cannot be represented in the current code page (936). Save the file in Unicode format to prevent data loss
D:\Git\Game Engine\Engine-Teamwork\FinalProject_final_merge\PhysXEngineWrapper\physics.h(23,23): warning C4267: 'return': conversion from 'size_t' to 'int', possible loss of data
D:\Git\Game Engine\Engine-Teamwork\FinalProject_final_merge\CSC8503\CSC8503Common\PaintableGameObject.h(2,10): warning C4067: unexpected tokens following preprocessor directive - expected a newline
D:\Git\Game Engine\Engine-Teamwork\FinalProject_final_merge\CSC8503\CSC8503Common\PaintableGameObject.h(3,10): warning C4067: unexpected tokens following preprocessor directive - expected a newline
D:\Git\Game Engine\Engine-Teamwork\FinalProject_final_merge\CSC8503\GameTech\JsonReader.h(49,21): warning C4018: '<': signed/unsigned mismatch
C:\Program Files (x86)\Windows Kits\10\Include\10.0.19041.0\um\winsock2.h(17,1): warning C4005: '_WINSOCKAPI_': macro redefinition
D:\Git\Game Engine\Engine-Teamwork\FinalProject_final_merge\CSC8503\GameTech\GameManager.cpp : message : see previous definition of '_WINSOCKAPI_'
D:\Git\Game Engine\Engine-Teamwork\FinalProject_final_merge\CSC8503\CSC8503Common\PushdownMachine.h(41,1): warning C4150: deletion of pointer to incomplete type 'NCL::CSC8503::PushdownState'; no destructor called
D:\Git\Game Engine\Engine-Teamwork\FinalProject_final_merge\CSC8503\CSC8503Common\PushdownMachine.h(6): message : see declaration of 'NCL::CSC8503::PushdownState'
D:\Git\Game Engine\Engine-Teamwork\FinalProject_final_merge\CSC8503\GameTech\GameManager.h(51,26): warning C4305: 'initializing': truncation from 'double' to 'const float'
D:\Git\Game Engine\Engine-Teamwork\FinalProject_final_merge\CSC8503\GameTech\GameManager.cpp(504,42): warning C4244: 'argument': conversion from 'double' to 'float', possible loss of data
D:\Git\Game Engine\Engine-Teamwork\FinalProject_final_merge\CSC8503\GameTech\GameManager.cpp(507,40): warning C4244: 'argument': conversion from 'double' to 'float', possible loss of data
D:\Git\Game Engine\Engine-Teamwork\FinalProject_final_merge\CSC8503\GameTech\GameManager.cpp(508,42): warning C4244: 'argument': conversion from 'double' to 'float', possible loss of data
D:\Git\Game Engine\Engine-Teamwork\FinalProject_final_merge\CSC8503\GameTech\GameManager.cpp(514,29): warning C4305: 'initializing': truncation from 'double' to 'float'
D:\Git\Game Engine\Engine-Teamwork\FinalProject_final_merge\CSC8503\GameTech\GameManager.cpp(520,16): warning C4244: 'initializing': conversion from 'float' to 'int', possible loss of data
D:\Git\Game Engine\Engine-Teamwork\FinalProject_final_merge\CSC8503\GameTech\GameManager.cpp(521,17): warning C4244: 'initializing': conversion from 'float' to 'int', possible loss of data
D:\Git\Game Engine\Engine-Teamwork\FinalProject_final_merge\CSC8503\GameTech\GameManager.cpp(530,85): warning C4244: 'argument': conversion from 'double' to 'float', possible loss of data
D:\Git\Game Engine\Engine-Teamwork\FinalProject_final_merge\CSC8503\GameTech\GameManager.cpp(536,43): warning C4244: 'argument': conversion from 'double' to 'float', possible loss of data
D:\Git\Game Engine\Engine-Teamwork\FinalProject_final_merge\CSC8503\GameTech\GameManager.cpp(540,41): warning C4244: 'argument': conversion from 'int' to 'float', possible loss of data
D:\Git\Game Engine\Engine-Teamwork\FinalProject_final_merge\CSC8503\GameTech\GameManager.cpp(544,84): warning C4244: 'argument': conversion from 'double' to 'float', possible loss of data
D:\Git\Game Engine\Engine-Teamwork\FinalProject_final_merge\CSC8503\GameTech\GameManager.cpp(550,43): warning C4244: 'argument': conversion from 'double' to 'float', possible loss of data
D:\Git\Game Engine\Engine-Teamwork\FinalProject_final_merge\CSC8503\GameTech\GameManager.cpp(554,43): warning C4244: 'argument': conversion from 'double' to 'float', possible loss of data
  GameTechRenderer.cpp
D:\Git\Game Engine\Engine-Teamwork\FinalProject_final_merge\Common\Keyboard.h(1,1): warning C4819: The file contains a character that cannot be represented in the current code page (936). Save the file in Unicode format to prevent data loss
D:\Git\Game Engine\Engine-Teamwork\FinalProject_final_merge\PhysXEngineWrapper\physics.h(23,23): warning C4267: 'return': conversion from 'size_t' to 'int', possible loss of data
D:\Git\Game Engine\Engine-Teamwork\FinalProject_final_merge\CSC8503\CSC8503Common\PaintableGameObject.h(2,10): warning C4067: unexpected tokens following preprocessor directive - expected a newline
D:\Git\Game Engine\Engine-Teamwork\FinalProject_final_merge\CSC8503\CSC8503Common\PaintableGameObject.h(3,10): warning C4067: unexpected tokens following preprocessor directive - expected a newline
  InputManager.cpp
D:\Git\Game Engine\Engine-Teamwork\FinalProject_final_merge\PhysXEngineWrapper\physics.h(23,23): warning C4267: 'return': conversion from 'size_t' to 'int', possible loss of data
D:\Git\Game Engine\Engine-Teamwork\FinalProject_final_merge\CSC8503\CSC8503Common\PaintableGameObject.h(2,10): warning C4067: unexpected tokens following preprocessor directive - expected a newline
D:\Git\Game Engine\Engine-Teamwork\FinalProject_final_merge\CSC8503\CSC8503Common\PaintableGameObject.h(3,10): warning C4067: unexpected tokens following preprocessor directive - expected a newline
D:\Git\Game Engine\Engine-Teamwork\FinalProject_final_merge\Common\Keyboard.h(1,1): warning C4819: The file contains a character that cannot be represented in the current code page (936). Save the file in Unicode format to prevent data loss
D:\Git\Game Engine\Engine-Teamwork\FinalProject_final_merge\CSC8503\GameTech\InputManager.cpp(46,3): warning C4552: '!': result of expression not used
D:\Git\Game Engine\Engine-Teamwork\FinalProject_final_merge\CSC8503\GameTech\InputManager.cpp(129,16): warning C4244: 'initializing': conversion from 'double' to 'float', possible loss of data
D:\Git\Game Engine\Engine-Teamwork\FinalProject_final_merge\CSC8503\GameTech\InputManager.cpp(135,16): warning C4244: 'initializing': conversion from 'double' to 'float', possible loss of data
  Main.cpp
D:\Git\Game Engine\Engine-Teamwork\FinalProject_final_merge\Common\Keyboard.h(1,1): warning C4819: The file contains a character that cannot be represented in the current code page (936). Save the file in Unicode format to prevent data loss
D:\Git\Game Engine\Engine-Teamwork\FinalProject_final_merge\PhysXEngineWrapper\physics.h(23,23): warning C4267: 'return': conversion from 'size_t' to 'int', possible loss of data
D:\Git\Game Engine\Engine-Teamwork\FinalProject_final_merge\CSC8503\CSC8503Common\PaintableGameObject.h(2,10): warning C4067: unexpected tokens following preprocessor directive - expected a newline
D:\Git\Game Engine\Engine-Teamwork\FinalProject_final_merge\CSC8503\CSC8503Common\PaintableGameObject.h(3,10): warning C4067: unexpected tokens following preprocessor directive - expected a newline
D:\Git\Game Engine\Engine-Teamwork\FinalProject_final_merge\CSC8503\GameTech\JsonReader.h(49,21): warning C4018: '<': signed/unsigned mismatch
C:\Program Files (x86)\Windows Kits\10\Include\10.0.19041.0\um\winsock2.h(17,1): warning C4005: '_WINSOCKAPI_': macro redefinition
D:\Git\Game Engine\Engine-Teamwork\FinalProject_final_merge\CSC8503\GameTech\Main.cpp : message : see previous definition of '_WINSOCKAPI_'
D:\Git\Game Engine\Engine-Teamwork\FinalProject_final_merge\CSC8503\CSC8503Common\PushdownMachine.h(41,1): warning C4150: deletion of pointer to incomplete type 'NCL::CSC8503::PushdownState'; no destructor called
D:\Git\Game Engine\Engine-Teamwork\FinalProject_final_merge\CSC8503\CSC8503Common\PushdownMachine.h(6): message : see declaration of 'NCL::CSC8503::PushdownState'
D:\Git\Game Engine\Engine-Teamwork\FinalProject_final_merge\CSC8503\GameTech\GameManager.h(51,26): warning C4305: 'initializing': truncation from 'double' to 'const float'
D:\Git\Game Engine\Engine-Teamwork\FinalProject_final_merge\CSC8503\GameTech\Main.cpp(21,12): warning C4244: 'argument': conversion from 'time_t' to 'unsigned int', possible loss of data
  OnlineManager.cpp
D:\Git\Game Engine\Engine-Teamwork\FinalProject_final_merge\Common\Keyboard.h(1,1): warning C4819: The file contains a character that cannot be represented in the current code page (936). Save the file in Unicode format to prevent data loss
D:\Git\Game Engine\Engine-Teamwork\FinalProject_final_merge\PhysXEngineWrapper\physics.h(23,23): warning C4267: 'return': conversion from 'size_t' to 'int', possible loss of data
D:\Git\Game Engine\Engine-Teamwork\FinalProject_final_merge\CSC8503\CSC8503Common\PaintableGameObject.h(2,10): warning C4067: unexpected tokens following preprocessor directive - expected a newline
D:\Git\Game Engine\Engine-Teamwork\FinalProject_final_merge\CSC8503\CSC8503Common\PaintableGameObject.h(3,10): warning C4067: unexpected tokens following preprocessor directive - expected a newline
C:\Program Files (x86)\Windows Kits\10\Include\10.0.19041.0\um\winsock2.h(17,1): warning C4005: '_WINSOCKAPI_': macro redefinition
D:\Git\Game Engine\Engine-Teamwork\FinalProject_final_merge\CSC8503\GameTech\OnlineManager.cpp : message : see previous definition of '_WINSOCKAPI_'
D:\Git\Game Engine\Engine-Teamwork\FinalProject_final_merge\CSC8503\GameTech\JsonReader.h(49,21): warning C4018: '<': signed/unsigned mismatch
  Generating Code...
  GameTech.vcxproj -> D:\Git\Game Engine\Engine-Teamwork\FinalProject_final_merge\x64\Debug\GameTech.exe
